<?xml version="1.0" encoding="UTF-8"?>
<!-- Generated by org.testng.reporters.JUnitXMLReporter -->
<testsuite ignored="0" hostname="DESKTOP-JBNN179" failures="1" tests="1" name="Default test" time="0.731" errors="0" timestamp="2024-06-11T09:38:03 IST">
  <testcase classname="com.niranjan.automation.businessscripts.JsonGmailTest" name="JsonGmailTest" time="0.447">
    <failure type="java.lang.NoClassDefFoundError" message="Could not initialize class org.apache.logging.log4j.core.impl.ThreadContextDataInjector">
      <![CDATA[java.lang.NoClassDefFoundError: Could not initialize class org.apache.logging.log4j.core.impl.ThreadContextDataInjector
at org.apache.logging.log4j.core.impl.ThreadContextDataInjector$ForCopyOnWriteThreadContextMap.<init>(ThreadContextDataInjector.java:220)
at org.apache.logging.log4j.core.impl.ContextDataInjectorFactory.createDefaultInjector(ContextDataInjectorFactory.java:94)
at org.apache.logging.log4j.core.impl.ContextDataInjectorFactory.createInjector(ContextDataInjectorFactory.java:71)
at org.apache.logging.log4j.core.impl.ReusableLogEventFactory.<init>(ReusableLogEventFactory.java:42)
at org.apache.logging.log4j.core.config.LoggerConfig.<clinit>(LoggerConfig.java:101)
at org.apache.logging.log4j.core.config.AbstractConfiguration.<init>(AbstractConfiguration.java:136)
at org.apache.logging.log4j.core.config.NullConfiguration.<init>(NullConfiguration.java:32)
at org.apache.logging.log4j.core.LoggerContext.<clinit>(LoggerContext.java:74)
at org.apache.logging.log4j.core.selector.ClassLoaderContextSelector.createContext(ClassLoaderContextSelector.java:254)
at org.apache.logging.log4j.core.selector.ClassLoaderContextSelector.locateContext(ClassLoaderContextSelector.java:218)
at org.apache.logging.log4j.core.selector.ClassLoaderContextSelector.getContext(ClassLoaderContextSelector.java:136)
at org.apache.logging.log4j.core.selector.ClassLoaderContextSelector.getContext(ClassLoaderContextSelector.java:123)
at org.apache.logging.log4j.core.selector.ClassLoaderContextSelector.getContext(ClassLoaderContextSelector.java:117)
at org.apache.logging.log4j.core.impl.Log4jContextFactory.getContext(Log4jContextFactory.java:150)
at org.apache.logging.log4j.core.impl.Log4jContextFactory.getContext(Log4jContextFactory.java:47)
at org.apache.logging.log4j.LogManager.getContext(LogManager.java:196)
at org.apache.logging.log4j.LogManager.getLogger(LogManager.java:599)
at org.apache.poi.util.IOUtils.<clinit>(IOUtils.java:43)
at org.apache.poi.poifs.filesystem.FileMagic.valueOf(FileMagic.java:209)
at org.apache.poi.ss.usermodel.WorkbookFactory.create(WorkbookFactory.java:222)
at org.apache.poi.ss.usermodel.WorkbookFactory.create(WorkbookFactory.java:185)
at com.niranjan.automation.supporters.ExcelReader.<init>(ExcelReader.java:35)
at com.niranjan.automation.utilities.PojoReder.getExcelReader(PojoReder.java:28)
at com.niranjan.automation.businessscripts.JsonGmailTest.JsonGmailTest(JsonGmailTest.java:22)
at java.base/jdk.internal.reflect.NativeMethodAccessorImpl.invoke0(Native Method)
at java.base/jdk.internal.reflect.NativeMethodAccessorImpl.invoke(NativeMethodAccessorImpl.java:62)
at java.base/jdk.internal.reflect.DelegatingMethodAccessorImpl.invoke(DelegatingMethodAccessorImpl.java:43)
at java.base/java.lang.reflect.Method.invoke(Method.java:566)
at org.testng.internal.MethodInvocationHelper.invokeMethod(MethodInvocationHelper.java:133)
at org.testng.internal.TestInvoker.invokeMethod(TestInvoker.java:598)
at org.testng.internal.TestInvoker.invokeTestMethod(TestInvoker.java:173)
at org.testng.internal.MethodRunner.runInSequence(MethodRunner.java:46)
at org.testng.internal.TestInvoker$MethodInvocationAgent.invoke(TestInvoker.java:824)
at org.testng.internal.TestInvoker.invokeTestMethods(TestInvoker.java:146)
at org.testng.internal.TestMethodWorker.invokeTestMethods(TestMethodWorker.java:146)
at org.testng.internal.TestMethodWorker.run(TestMethodWorker.java:128)
at java.base/java.util.ArrayList.forEach(ArrayList.java:1541)
at org.testng.TestRunner.privateRun(TestRunner.java:794)
at org.testng.TestRunner.run(TestRunner.java:596)
at org.testng.SuiteRunner.runTest(SuiteRunner.java:377)
at org.testng.SuiteRunner.runSequentially(SuiteRunner.java:371)
at org.testng.SuiteRunner.privateRun(SuiteRunner.java:332)
at org.testng.SuiteRunner.run(SuiteRunner.java:276)
at org.testng.SuiteRunnerWorker.runSuite(SuiteRunnerWorker.java:53)
at org.testng.SuiteRunnerWorker.run(SuiteRunnerWorker.java:96)
at org.testng.TestNG.runSuitesSequentially(TestNG.java:1212)
at org.testng.TestNG.runSuitesLocally(TestNG.java:1134)
at org.testng.TestNG.runSuites(TestNG.java:1063)
at org.testng.TestNG.run(TestNG.java:1031)
at org.testng.remote.AbstractRemoteTestNG.run(AbstractRemoteTestNG.java:115)
at org.testng.remote.RemoteTestNG.initAndRun(RemoteTestNG.java:251)
at org.testng.remote.RemoteTestNG.main(RemoteTestNG.java:77)
Caused by: java.lang.ExceptionInInitializerError: Exception java.lang.NoSuchMethodError: org.apache.logging.log4j.util.LoaderUtil.getClassLoaders()[Ljava/lang/ClassLoader; [in thread "main"]
at org.apache.logging.log4j.core.impl.ThreadContextDataInjector.getServiceProviders(ThreadContextDataInjector.java:77)
at org.apache.logging.log4j.core.impl.ThreadContextDataInjector.<clinit>(ThreadContextDataInjector.java:64)
at org.apache.logging.log4j.core.impl.ThreadContextDataInjector$ForCopyOnWriteThreadContextMap.<init>(ThreadContextDataInjector.java:220)
at org.apache.logging.log4j.core.impl.ContextDataInjectorFactory.createDefaultInjector(ContextDataInjectorFactory.java:94)
at org.apache.logging.log4j.core.impl.ContextDataInjectorFactory.createInjector(ContextDataInjectorFactory.java:71)
at org.apache.logging.log4j.core.lookup.ContextMapLookup.<init>(ContextMapLookup.java:34)
at java.base/jdk.internal.reflect.NativeConstructorAccessorImpl.newInstance0(Native Method)
at java.base/jdk.internal.reflect.NativeConstructorAccessorImpl.newInstance(NativeConstructorAccessorImpl.java:62)
at java.base/jdk.internal.reflect.DelegatingConstructorAccessorImpl.newInstance(DelegatingConstructorAccessorImpl.java:45)
at java.base/java.lang.reflect.Constructor.newInstance(Constructor.java:490)
at org.apache.logging.log4j.core.util.ReflectionUtil.instantiate(ReflectionUtil.java:189)
at org.apache.logging.log4j.core.lookup.Interpolator.<init>(Interpolator.java:81)
at org.apache.logging.log4j.core.lookup.Interpolator.<init>(Interpolator.java:100)
at org.apache.logging.log4j.core.config.AbstractConfiguration.<init>(AbstractConfiguration.java:133)
... 46 more
]]>
    </failure>
  </testcase> <!-- JsonGmailTest -->
</testsuite> <!-- Default test -->
